<?xml version="1.0" encoding="UTF-8"?>
<!-- Generated by org.testng.reporters.JUnitReportReporter -->
<testsuite hostname="NCEL61032" failures="0" tests="3" name="com.is.palmbusapp_automation.PalmbusAutomation" time="80.180" errors="0" timestamp="2021-03-31T05:32:51 CEST" skipped="0">
  <testcase classname="com.is.palmbusapp_automation.PalmbusAutomation" name="test3DeleteFavorite" time="7.183"/>
  <system-out/>
  <testcase classname="com.is.palmbusapp_automation.PalmbusAutomation" name="test2SearchFavorite" time="20.093"/>
  <system-out/>
  <testcase classname="com.is.palmbusapp_automation.PalmbusAutomation" name="test1AddFavorite" time="52.904"/>
  <system-out/>
</testsuite> <!-- com.is.palmbusapp_automation.PalmbusAutomation -->
